Start testing: Jun 15 12:22 MSK
----------------------------------------------------------
1/1 Testing: check
1/1 Test: check
Command: "/home/ko71k/Desktop/ko71k/workspace/projects/lab7_tutorial/_builds/check"
Directory: /home/ko71k/Desktop/ko71k/workspace/projects/lab7_tutorial/_builds
"check" start time: Jun 15 12:22 MSK
Output:
----------------------------------------------------------
Running main() from /home/ko71k/projects/hunter/_Base/xxxxxxx/252be92/551f543/Build/GTest/Source/googletest/src/gtest_main.cc
[==========] Running 1 test from 1 test suite.
[----------] Global test environment set-up.
[----------] 1 test from Print
[ RUN      ] Print.InFileStream
[       OK ] Print.InFileStream (0 ms)
[----------] 1 test from Print (0 ms total)

[----------] Global test environment tear-down
[==========] 1 test from 1 test suite ran. (5 ms total)
[  PASSED  ] 1 test.
<end of output>
Test time =   0.01 sec
----------------------------------------------------------
Test Passed.
"check" end time: Jun 15 12:22 MSK
"check" time elapsed: 00:00:00
----------------------------------------------------------

End testing: Jun 15 12:22 MSK
